<?xml version="1.0" encoding="UTF-8"?>
<testsuites name="Checkpoint test suite 1" time="78.61" tests="5" failures="0" errors="0">
   <testsuite name="Checkpoint test suite 1" tests="5" failures="0" errors="0" time="78.61" skipped="0" timestamp="05-02-2024T16:40:15" hostname="Guest User - DESKTOP-PD2US2I" id="Test Suites/Visual testing checkpoint test suite/Checkpoint test suite 1">
      <properties>
         <property name="deviceName" value=""/>
         <property name="devicePlatform" value=""/>
         <property name="logFolder" value="C:\\Users\\Guest User\\git\\newgitrepositor\\Reports\\20240205_164013\\Visual testing checkpoint test suite\\Checkpoint test suite 1\\20240205_164013"/>
         <property name="logFiles" value="C:\\Users\\Guest User\\git\\newgitrepositor\\Reports\\20240205_164013\\Visual testing checkpoint test suite\\Checkpoint test suite 1\\20240205_164013\\execution0.log"/>
         <property name="attachments" value="keyes\keyes-facebook login error message.png, keyes\keyes-OHRM ADMIN PAGE.png, keyes\keyes-ORANGE HRM DASHBOARD.png, keyes\keyes-ORANGE HRM DIRECTORY.png, keyes\keyes-OHRM LEAVE.png"/>
         <property name="hostName" value="Guest User - DESKTOP-PD2US2I"/>
         <property name="os" value="Windows 11 64bit"/>
         <property name="katalonVersion" value="9.2.0.212"/>
         <property name="browser" value="Chrome 121.0.0.0"/>
         <property name="hostAddress" value="192.168.1.5"/>
         <property name="sessionId" value="3da116f1d2b9c537169acb0749c7c31a"/>
         <property name="seleniumVersion" value="3.141.59"/>
         <property name="proxyInformation" value="ProxyInformation { proxyOption=NO_PROXY, proxyServerType=HTTP, username=, password=********, proxyServerAddress=, proxyServerPort=0, executionList=&quot;&quot;, isApplyToDesiredCapabilities=true }"/>
         <property name="platform" value="Windows 11"/>
      </properties>
      <testcase name="Test Cases/Visual Checkpoint Testcases/FACEBOOK" time="37.985" classname="Test Cases/Visual Checkpoint Testcases/FACEBOOK" status="PASSED">
         <system-out><![CDATA[05-02-2024T16:40:15 - [TEST_CASE][PASSED] - Test Cases/Visual Checkpoint Testcases/FACEBOOK: Test Cases/Visual Checkpoint Testcases/FACEBOOK

05-02-2024T16:40:16 - [TEST_STEP][PASSED] - openBrowser(""): Browser is opened with url: ''

05-02-2024T16:40:16 - [MESSAGE][INFO] - Starting 'Chrome' driver

05-02-2024T16:40:16 - [MESSAGE][INFO] - Action delay is set to 0 milliseconds

05-02-2024T16:40:17 - [MESSAGE][PASSED] - Browser is opened with url: ''

05-02-2024T16:40:17 - [TEST_STEP][PASSED] - navigateToUrl("https://www.facebook.com/"): Navigate to 'https://www.facebook.com/' successfully

05-02-2024T16:40:18 - [MESSAGE][PASSED] - Navigate to 'https://www.facebook.com/' successfully

05-02-2024T16:40:18 - [TEST_STEP][PASSED] - setText(findTestObject("Object Repository/facebook checkpoints/Page_Facebook  log in or sign up/input_email"), "rajan.gwork@gmail.com"): Text 'rajan.gwork@gmail.com' is set on object 'Object Repository/facebook checkpoints/Page_Facebook  log in or sign up/input_email'

05-02-2024T16:40:19 - [MESSAGE][PASSED] - Text 'rajan.gwork@gmail.com' is set on object 'Object Repository/facebook checkpoints/Page_Facebook  log in or sign up/input_email'

05-02-2024T16:40:19 - [TEST_STEP][PASSED] - setEncryptedText(findTestObject("Object Repository/facebook checkpoints/Page_Facebook  log in or sign up/input_pass"), "n5HltN4j2d/i3TDt87gMXg=="): Text ****** has been set on object 'Object Repository/facebook checkpoints/Page_Facebook  log in or sign up/input_pass'

05-02-2024T16:40:19 - [MESSAGE][PASSED] - Text ****** has been set on object 'Object Repository/facebook checkpoints/Page_Facebook  log in or sign up/input_pass'

05-02-2024T16:40:19 - [TEST_STEP][PASSED] - click(findTestObject("Object Repository/facebook checkpoints/Page_Facebook  log in or sign up/button_Log in")): Object: 'Object Repository/facebook checkpoints/Page_Facebook  log in or sign up/button_Log in' is clicked on

05-02-2024T16:40:50 - [MESSAGE][INFO] - Unable to find the element located by 'By.xpath: //button[@id='u_0_5_Pm']'. Please recheck the objects properties to make sure the desired element is located. 

05-02-2024T16:40:50 - [MESSAGE][WARNING] - [SELF-HEALING] Failed to find element with id 'Object Repository/facebook checkpoints/Page_Facebook  log in or sign up/button_Log in'. Try using Self-healing.

05-02-2024T16:40:51 - [MESSAGE][WARNING] - [SELF-HEALING] The current locator of test object 'Object Repository/facebook checkpoints/Page_Facebook  log in or sign up/button_Log in' was broken. Propose an alternative one: '//button'.

05-02-2024T16:40:51 - [MESSAGE][PASSED] - Object: 'Object Repository/facebook checkpoints/Page_Facebook  log in or sign up/button_Log in' is clicked on

05-02-2024T16:40:51 - [TEST_STEP][PASSED] - takeScreenshotAsCheckpoint("facebook login error message"): Taking screenshot successfully

05-02-2024T16:40:53 - [MESSAGE][INFO] - 0 hidden object(s)

05-02-2024T16:40:53 - [MESSAGE][PASSED] - Taking screenshot successfully
[[ATTACHMENT|keyes\keyes-facebook login error message.png]]

05-02-2024T16:40:53 - [TEST_STEP][PASSED] - closeBrowser(): Browser is closed

05-02-2024T16:40:53 - [MESSAGE][PASSED] - Browser is closed]]></system-out>
         <system-err><![CDATA[]]></system-err>
      </testcase>
      <testcase name="Test Cases/Visual Checkpoint Testcases/ORANGE HRM ADMIN PAGE" time="10.677" classname="Test Cases/Visual Checkpoint Testcases/ORANGE HRM ADMIN PAGE" status="PASSED">
         <system-out><![CDATA[05-02-2024T16:40:53 - [TEST_CASE][PASSED] - Test Cases/Visual Checkpoint Testcases/ORANGE HRM ADMIN PAGE: Test Cases/Visual Checkpoint Testcases/ORANGE HRM ADMIN PAGE

05-02-2024T16:40:54 - [TEST_STEP][PASSED] - openBrowser(""): Browser is opened with url: ''

05-02-2024T16:40:54 - [MESSAGE][INFO] - Starting 'Chrome' driver

05-02-2024T16:40:54 - [MESSAGE][INFO] - Action delay is set to 0 milliseconds

05-02-2024T16:40:54 - [MESSAGE][PASSED] - Browser is opened with url: ''

05-02-2024T16:40:54 - [TEST_STEP][PASSED] - navigateToUrl("https://opensource-demo.orangehrmlive.com/web/index.php/auth/login"): Navigate to 'https://opensource-demo.orangehrmlive.com/web/index.php/auth/login' successfully

05-02-2024T16:40:58 - [MESSAGE][PASSED] - Navigate to 'https://opensource-demo.orangehrmlive.com/web/index.php/auth/login' successfully

05-02-2024T16:40:58 - [TEST_STEP][PASSED] - setText(findTestObject("Object Repository/OR ADMIN ORANGE HRM/Page_OrangeHRM/input_username"), "Admin"): Text 'Admin' is set on object 'Object Repository/OR ADMIN ORANGE HRM/Page_OrangeHRM/input_username'

05-02-2024T16:40:59 - [MESSAGE][PASSED] - Text 'Admin' is set on object 'Object Repository/OR ADMIN ORANGE HRM/Page_OrangeHRM/input_username'

05-02-2024T16:40:59 - [TEST_STEP][PASSED] - setEncryptedText(findTestObject("Object Repository/OR ADMIN ORANGE HRM/Page_OrangeHRM/input_password"), "hUKwJTbofgPU9eVlw/CnDQ=="): Text ****** has been set on object 'Object Repository/OR ADMIN ORANGE HRM/Page_OrangeHRM/input_password'

05-02-2024T16:40:59 - [MESSAGE][PASSED] - Text ****** has been set on object 'Object Repository/OR ADMIN ORANGE HRM/Page_OrangeHRM/input_password'

05-02-2024T16:40:59 - [TEST_STEP][PASSED] - click(findTestObject("Object Repository/OR ADMIN ORANGE HRM/Page_OrangeHRM/button_Login")): Object: 'Object Repository/OR ADMIN ORANGE HRM/Page_OrangeHRM/button_Login' is clicked on

05-02-2024T16:40:59 - [MESSAGE][PASSED] - Object: 'Object Repository/OR ADMIN ORANGE HRM/Page_OrangeHRM/button_Login' is clicked on

05-02-2024T16:40:59 - [TEST_STEP][PASSED] - click(findTestObject("Object Repository/OR ADMIN ORANGE HRM/Page_OrangeHRM/span_Admin")): Object: 'Object Repository/OR ADMIN ORANGE HRM/Page_OrangeHRM/span_Admin' is clicked on

05-02-2024T16:41:04 - [MESSAGE][PASSED] - Object: 'Object Repository/OR ADMIN ORANGE HRM/Page_OrangeHRM/span_Admin' is clicked on

05-02-2024T16:41:04 - [TEST_STEP][PASSED] - takeScreenshotAsCheckpoint("OHRM ADMIN PAGE"): Taking screenshot successfully

05-02-2024T16:41:04 - [MESSAGE][INFO] - 0 hidden object(s)

05-02-2024T16:41:04 - [MESSAGE][PASSED] - Taking screenshot successfully
[[ATTACHMENT|keyes\keyes-OHRM ADMIN PAGE.png]]

05-02-2024T16:41:04 - [TEST_STEP][PASSED] - closeBrowser(): Browser is closed

05-02-2024T16:41:04 - [MESSAGE][PASSED] - Browser is closed]]></system-out>
         <system-err><![CDATA[]]></system-err>
      </testcase>
      <testcase name="Test Cases/Visual Checkpoint Testcases/ORANGE HRM DASHBOARD" time="9.679" classname="Test Cases/Visual Checkpoint Testcases/ORANGE HRM DASHBOARD" status="PASSED">
         <system-out><![CDATA[05-02-2024T16:41:04 - [TEST_CASE][PASSED] - Test Cases/Visual Checkpoint Testcases/ORANGE HRM DASHBOARD: Test Cases/Visual Checkpoint Testcases/ORANGE HRM DASHBOARD

05-02-2024T16:41:04 - [TEST_STEP][PASSED] - openBrowser(""): Browser is opened with url: ''

05-02-2024T16:41:04 - [MESSAGE][INFO] - Starting 'Chrome' driver

05-02-2024T16:41:04 - [MESSAGE][INFO] - Action delay is set to 0 milliseconds

05-02-2024T16:41:05 - [MESSAGE][PASSED] - Browser is opened with url: ''

05-02-2024T16:41:05 - [TEST_STEP][PASSED] - navigateToUrl("https://opensource-demo.orangehrmlive.com/web/index.php/auth/login"): Navigate to 'https://opensource-demo.orangehrmlive.com/web/index.php/auth/login' successfully

05-02-2024T16:41:08 - [MESSAGE][PASSED] - Navigate to 'https://opensource-demo.orangehrmlive.com/web/index.php/auth/login' successfully

05-02-2024T16:41:08 - [TEST_STEP][PASSED] - setText(findTestObject("Object Repository/OR - ORANGE HRM DASHBOARD/Page_OrangeHRM/input_username"), "Admin"): Text 'Admin' is set on object 'Object Repository/OR - ORANGE HRM DASHBOARD/Page_OrangeHRM/input_username'

05-02-2024T16:41:09 - [MESSAGE][PASSED] - Text 'Admin' is set on object 'Object Repository/OR - ORANGE HRM DASHBOARD/Page_OrangeHRM/input_username'

05-02-2024T16:41:09 - [TEST_STEP][PASSED] - setEncryptedText(findTestObject("Object Repository/OR - ORANGE HRM DASHBOARD/Page_OrangeHRM/input_password"), "hUKwJTbofgPU9eVlw/CnDQ=="): Text ****** has been set on object 'Object Repository/OR - ORANGE HRM DASHBOARD/Page_OrangeHRM/input_password'

05-02-2024T16:41:10 - [MESSAGE][PASSED] - Text ****** has been set on object 'Object Repository/OR - ORANGE HRM DASHBOARD/Page_OrangeHRM/input_password'

05-02-2024T16:41:10 - [TEST_STEP][PASSED] - click(findTestObject("Object Repository/OR - ORANGE HRM DASHBOARD/Page_OrangeHRM/button_Login")): Object: 'Object Repository/OR - ORANGE HRM DASHBOARD/Page_OrangeHRM/button_Login' is clicked on

05-02-2024T16:41:10 - [MESSAGE][PASSED] - Object: 'Object Repository/OR - ORANGE HRM DASHBOARD/Page_OrangeHRM/button_Login' is clicked on

05-02-2024T16:41:10 - [TEST_STEP][PASSED] - click(findTestObject("Object Repository/OR - ORANGE HRM DASHBOARD/Page_OrangeHRM/span_Dashboard")): Object: 'Object Repository/OR - ORANGE HRM DASHBOARD/Page_OrangeHRM/span_Dashboard' is clicked on

05-02-2024T16:41:13 - [MESSAGE][PASSED] - Object: 'Object Repository/OR - ORANGE HRM DASHBOARD/Page_OrangeHRM/span_Dashboard' is clicked on

05-02-2024T16:41:13 - [TEST_STEP][PASSED] - takeScreenshotAsCheckpoint("ORANGE HRM DASHBOARD"): Taking screenshot successfully

05-02-2024T16:41:14 - [MESSAGE][INFO] - 0 hidden object(s)

05-02-2024T16:41:14 - [MESSAGE][PASSED] - Taking screenshot successfully
[[ATTACHMENT|keyes\keyes-ORANGE HRM DASHBOARD.png]]

05-02-2024T16:41:14 - [TEST_STEP][PASSED] - closeBrowser(): Browser is closed

05-02-2024T16:41:14 - [MESSAGE][PASSED] - Browser is closed]]></system-out>
         <system-err><![CDATA[]]></system-err>
      </testcase>
      <testcase name="Test Cases/Visual Checkpoint Testcases/ORANGE HRM DIRECTORY" time="9.288" classname="Test Cases/Visual Checkpoint Testcases/ORANGE HRM DIRECTORY" status="PASSED">
         <system-out><![CDATA[05-02-2024T16:41:14 - [TEST_CASE][PASSED] - Test Cases/Visual Checkpoint Testcases/ORANGE HRM DIRECTORY: Test Cases/Visual Checkpoint Testcases/ORANGE HRM DIRECTORY

05-02-2024T16:41:14 - [TEST_STEP][PASSED] - openBrowser(""): Browser is opened with url: ''

05-02-2024T16:41:14 - [MESSAGE][INFO] - Starting 'Chrome' driver

05-02-2024T16:41:14 - [MESSAGE][INFO] - Action delay is set to 0 milliseconds

05-02-2024T16:41:14 - [MESSAGE][PASSED] - Browser is opened with url: ''

05-02-2024T16:41:14 - [TEST_STEP][PASSED] - navigateToUrl("https://opensource-demo.orangehrmlive.com/web/index.php/auth/login"): Navigate to 'https://opensource-demo.orangehrmlive.com/web/index.php/auth/login' successfully

05-02-2024T16:41:17 - [MESSAGE][PASSED] - Navigate to 'https://opensource-demo.orangehrmlive.com/web/index.php/auth/login' successfully

05-02-2024T16:41:17 - [TEST_STEP][PASSED] - setText(findTestObject("Object Repository/OR - ORANGE HRM DIRECTORY/Page_OrangeHRM/input_username"), "Admin"): Text 'Admin' is set on object 'Object Repository/OR - ORANGE HRM DIRECTORY/Page_OrangeHRM/input_username'

05-02-2024T16:41:19 - [MESSAGE][PASSED] - Text 'Admin' is set on object 'Object Repository/OR - ORANGE HRM DIRECTORY/Page_OrangeHRM/input_username'

05-02-2024T16:41:19 - [TEST_STEP][PASSED] - setEncryptedText(findTestObject("Object Repository/OR - ORANGE HRM DIRECTORY/Page_OrangeHRM/input_password"), "hUKwJTbofgPU9eVlw/CnDQ=="): Text ****** has been set on object 'Object Repository/OR - ORANGE HRM DIRECTORY/Page_OrangeHRM/input_password'

05-02-2024T16:41:19 - [MESSAGE][PASSED] - Text ****** has been set on object 'Object Repository/OR - ORANGE HRM DIRECTORY/Page_OrangeHRM/input_password'

05-02-2024T16:41:19 - [TEST_STEP][PASSED] - click(findTestObject("Object Repository/OR - ORANGE HRM DIRECTORY/Page_OrangeHRM/button_Login")): Object: 'Object Repository/OR - ORANGE HRM DIRECTORY/Page_OrangeHRM/button_Login' is clicked on

05-02-2024T16:41:19 - [MESSAGE][PASSED] - Object: 'Object Repository/OR - ORANGE HRM DIRECTORY/Page_OrangeHRM/button_Login' is clicked on

05-02-2024T16:41:19 - [TEST_STEP][PASSED] - click(findTestObject("Object Repository/OR - ORANGE HRM DIRECTORY/Page_OrangeHRM/span_Directory")): Object: 'Object Repository/OR - ORANGE HRM DIRECTORY/Page_OrangeHRM/span_Directory' is clicked on

05-02-2024T16:41:23 - [MESSAGE][PASSED] - Object: 'Object Repository/OR - ORANGE HRM DIRECTORY/Page_OrangeHRM/span_Directory' is clicked on

05-02-2024T16:41:23 - [TEST_STEP][PASSED] - takeScreenshotAsCheckpoint("ORANGE HRM DIRECTORY"): Taking screenshot successfully

05-02-2024T16:41:23 - [MESSAGE][INFO] - 0 hidden object(s)

05-02-2024T16:41:23 - [MESSAGE][PASSED] - Taking screenshot successfully
[[ATTACHMENT|keyes\keyes-ORANGE HRM DIRECTORY.png]]

05-02-2024T16:41:23 - [TEST_STEP][PASSED] - closeBrowser(): Browser is closed

05-02-2024T16:41:23 - [MESSAGE][PASSED] - Browser is closed]]></system-out>
         <system-err><![CDATA[]]></system-err>
      </testcase>
      <testcase name="Test Cases/Visual Checkpoint Testcases/ORANGE HRM LEAVE" time="10.815" classname="Test Cases/Visual Checkpoint Testcases/ORANGE HRM LEAVE" status="PASSED">
         <system-out><![CDATA[05-02-2024T16:41:23 - [TEST_CASE][PASSED] - Test Cases/Visual Checkpoint Testcases/ORANGE HRM LEAVE: Test Cases/Visual Checkpoint Testcases/ORANGE HRM LEAVE

05-02-2024T16:41:23 - [TEST_STEP][PASSED] - openBrowser(""): Browser is opened with url: ''

05-02-2024T16:41:23 - [MESSAGE][INFO] - Starting 'Chrome' driver

05-02-2024T16:41:23 - [MESSAGE][INFO] - Action delay is set to 0 milliseconds

05-02-2024T16:41:24 - [MESSAGE][PASSED] - Browser is opened with url: ''

05-02-2024T16:41:24 - [TEST_STEP][PASSED] - navigateToUrl("https://opensource-demo.orangehrmlive.com/web/index.php/auth/login"): Navigate to 'https://opensource-demo.orangehrmlive.com/web/index.php/auth/login' successfully

05-02-2024T16:41:27 - [MESSAGE][PASSED] - Navigate to 'https://opensource-demo.orangehrmlive.com/web/index.php/auth/login' successfully

05-02-2024T16:41:27 - [TEST_STEP][PASSED] - setText(findTestObject("Object Repository/OR OHRM LEAVE/Page_OrangeHRM/input_username"), "Admin"): Text 'Admin' is set on object 'Object Repository/OR OHRM LEAVE/Page_OrangeHRM/input_username'

05-02-2024T16:41:28 - [MESSAGE][PASSED] - Text 'Admin' is set on object 'Object Repository/OR OHRM LEAVE/Page_OrangeHRM/input_username'

05-02-2024T16:41:28 - [TEST_STEP][PASSED] - setEncryptedText(findTestObject("Object Repository/OR OHRM LEAVE/Page_OrangeHRM/input_password"), "hUKwJTbofgPU9eVlw/CnDQ=="): Text ****** has been set on object 'Object Repository/OR OHRM LEAVE/Page_OrangeHRM/input_password'

05-02-2024T16:41:28 - [MESSAGE][PASSED] - Text ****** has been set on object 'Object Repository/OR OHRM LEAVE/Page_OrangeHRM/input_password'

05-02-2024T16:41:28 - [TEST_STEP][PASSED] - click(findTestObject("Object Repository/OR OHRM LEAVE/Page_OrangeHRM/button_Login")): Object: 'Object Repository/OR OHRM LEAVE/Page_OrangeHRM/button_Login' is clicked on

05-02-2024T16:41:29 - [MESSAGE][PASSED] - Object: 'Object Repository/OR OHRM LEAVE/Page_OrangeHRM/button_Login' is clicked on

05-02-2024T16:41:29 - [TEST_STEP][PASSED] - click(findTestObject("Object Repository/OR OHRM LEAVE/Page_OrangeHRM/span_Leave")): Object: 'Object Repository/OR OHRM LEAVE/Page_OrangeHRM/span_Leave' is clicked on

05-02-2024T16:41:33 - [MESSAGE][PASSED] - Object: 'Object Repository/OR OHRM LEAVE/Page_OrangeHRM/span_Leave' is clicked on

05-02-2024T16:41:33 - [TEST_STEP][PASSED] - takeScreenshotAsCheckpoint("OHRM LEAVE"): Taking screenshot successfully

05-02-2024T16:41:34 - [MESSAGE][INFO] - 0 hidden object(s)

05-02-2024T16:41:34 - [MESSAGE][PASSED] - Taking screenshot successfully
[[ATTACHMENT|keyes\keyes-OHRM LEAVE.png]]

05-02-2024T16:41:34 - [TEST_STEP][PASSED] - closeBrowser(): Browser is closed

05-02-2024T16:41:34 - [MESSAGE][PASSED] - Browser is closed]]></system-out>
         <system-err><![CDATA[]]></system-err>
      </testcase>
      <system-out><![CDATA[05-02-2024T16:40:15 - [TEST_SUITE][PASSED] - Checkpoint test suite 1: Test Cases/Visual Checkpoint Testcases/ORANGE HRM LEAVE]]></system-out>
      <system-err><![CDATA[]]></system-err>
   </testsuite>
</testsuites>
